18:03:37,775  INFO DispatcherServlet:494 - FrameworkServlet 'springmvc': initialization started
18:03:37,797  INFO XmlWebApplicationContext:589 - Refreshing WebApplicationContext for namespace 'springmvc-servlet': startup date [Sun Sep 10 18:03:37 CST 2023]; root of context hierarchy
18:03:37,848  INFO XmlBeanDefinitionReader:316 - Loading XML bean definitions from class path resource [springMVC.xml]
18:03:38,208  INFO XmlBeanDefinitionReader:316 - Loading XML bean definitions from class path resource [spring.xml]
18:03:38,270  INFO XmlBeanDefinitionReader:316 - Loading XML bean definitions from class path resource [spring-mybatis.xml]
18:03:38,280  INFO XmlBeanDefinitionReader:316 - Loading XML bean definitions from class path resource [spring-security.xml]
18:03:38,308  INFO SpringSecurityCoreVersion:75 - You are running with Spring Security Core 5.0.1.RELEASE
18:03:38,312  WARN SpringSecurityCoreVersion:78 - **** You are advised to use Spring 5.0.3.RELEASE or later with this version. You are running: 5.0.2.RELEASE
18:03:38,312  INFO SecurityNamespaceHandler:78 - Spring Security 'config' module version is 5.0.1.RELEASE
18:03:38,362  INFO FilterInvocationSecurityMetadataSourceParser:194 - Creating access control expression attribute 'ROLE_USER' for /index.jsp
18:03:38,363  INFO FilterInvocationSecurityMetadataSourceParser:194 - Creating access control expression attribute 'hasAnyRole('ROLE_USER','RILE_ADMIN')' for /**
18:03:38,391  INFO HttpSecurityBeanDefinitionParser:307 - Checking sorted filter chain: [Root bean: class [org.springframework.security.web.context.SecurityContextPersistenceFilter]; scope=; abstract=false; lazyInit=false; autowireMode=0; dependencyCheck=0; autowireCandidate=true; primary=false; factoryBeanName=null; factoryMethodName=null; initMethodName=null; destroyMethodName=null, order = 200, Root bean: class [org.springframework.security.web.context.request.async.WebAsyncManagerIntegrationFilter]; scope=; abstract=false; lazyInit=false; autowireMode=0; dependencyCheck=0; autowireCandidate=true; primary=false; factoryBeanName=null; factoryMethodName=null; initMethodName=null; destroyMethodName=null, order = 400, Root bean: class [org.springframework.security.web.header.HeaderWriterFilter]; scope=; abstract=false; lazyInit=false; autowireMode=0; dependencyCheck=0; autowireCandidate=true; primary=false; factoryBeanName=null; factoryMethodName=null; initMethodName=null; destroyMethodName=null, order = 500, Root bean: class [org.springframework.security.web.authentication.logout.LogoutFilter]; scope=; abstract=false; lazyInit=false; autowireMode=0; dependencyCheck=0; autowireCandidate=true; primary=false; factoryBeanName=null; factoryMethodName=null; initMethodName=null; destroyMethodName=null, order = 800, <org.springframework.security.web.authentication.UsernamePasswordAuthenticationFilter#0>, order = 1200, Root bean: class [org.springframework.security.web.authentication.www.BasicAuthenticationFilter]; scope=; abstract=false; lazyInit=false; autowireMode=0; dependencyCheck=0; autowireCandidate=true; primary=false; factoryBeanName=null; factoryMethodName=null; initMethodName=null; destroyMethodName=null, order = 1600, Root bean: class [org.springframework.security.web.savedrequest.RequestCacheAwareFilter]; scope=; abstract=false; lazyInit=false; autowireMode=0; dependencyCheck=0; autowireCandidate=true; primary=false; factoryBeanName=null; factoryMethodName=null; initMethodName=null; destroyMethodName=null, order = 1700, Root bean: class [null]; scope=; abstract=false; lazyInit=false; autowireMode=0; dependencyCheck=0; autowireCandidate=true; primary=false; factoryBeanName=org.springframework.security.config.http.HttpConfigurationBuilder$SecurityContextHolderAwareRequestFilterBeanFactory#0; factoryMethodName=getBean; initMethodName=null; destroyMethodName=null, order = 1800, Root bean: class [org.springframework.security.web.authentication.AnonymousAuthenticationFilter]; scope=; abstract=false; lazyInit=false; autowireMode=0; dependencyCheck=0; autowireCandidate=true; primary=false; factoryBeanName=null; factoryMethodName=null; initMethodName=null; destroyMethodName=null, order = 2100, Root bean: class [org.springframework.security.web.session.SessionManagementFilter]; scope=; abstract=false; lazyInit=false; autowireMode=0; dependencyCheck=0; autowireCandidate=true; primary=false; factoryBeanName=null; factoryMethodName=null; initMethodName=null; destroyMethodName=null, order = 2200, Root bean: class [org.springframework.security.web.access.ExceptionTranslationFilter]; scope=; abstract=false; lazyInit=false; autowireMode=0; dependencyCheck=0; autowireCandidate=true; primary=false; factoryBeanName=null; factoryMethodName=null; initMethodName=null; destroyMethodName=null, order = 2300, <org.springframework.security.web.access.intercept.FilterSecurityInterceptor#0>, order = 2400]
18:03:38,659  INFO AutowiredAnnotationBeanPostProcessor:154 - JSR-330 'javax.inject.Inject' annotation found and supported for autowiring
18:03:40,249  INFO RequestMappingHandlerMapping:549 - Mapped "{[/index]}" onto public java.lang.String com.ssm.controller.HomeController.index()
18:03:40,253  INFO RequestMappingHandlerMapping:549 - Mapped "{[/orders/add],methods=[POST]}" onto public java.lang.String com.ssm.controller.OrdersController.add(com.ssm.domain.Orders)
18:03:40,254  INFO RequestMappingHandlerMapping:549 - Mapped "{[/orders/list]}" onto public java.lang.String com.ssm.controller.OrdersController.list(org.springframework.ui.Model,int,int)
18:03:40,255  INFO RequestMappingHandlerMapping:549 - Mapped "{[/orders/initAdd],methods=[GET]}" onto public java.lang.String com.ssm.controller.OrdersController.initAdd(org.springframework.ui.Model)
18:03:40,257  INFO RequestMappingHandlerMapping:549 - Mapped "{[/product/add]}" onto public java.lang.String com.ssm.controller.ProductController.add(com.ssm.domain.Product)
18:03:40,257  INFO RequestMappingHandlerMapping:549 - Mapped "{[/product/update]}" onto public java.lang.String com.ssm.controller.ProductController.update(com.ssm.domain.Product)
18:03:40,257  INFO RequestMappingHandlerMapping:549 - Mapped "{[/product/delete]}" onto public java.lang.String com.ssm.controller.ProductController.delete(java.lang.Integer)
18:03:40,257  INFO RequestMappingHandlerMapping:549 - Mapped "{[/product/pageList]}" onto public java.lang.String com.ssm.controller.ProductController.list(int,int,org.springframework.ui.Model)
18:03:40,257  INFO RequestMappingHandlerMapping:549 - Mapped "{[/product/initUpdate]}" onto public java.lang.String com.ssm.controller.ProductController.initUpdate(java.lang.Integer,org.springframework.ui.Model)
18:03:40,258  INFO RequestMappingHandlerMapping:549 - Mapped "{[/product/initAdd]}" onto public java.lang.String com.ssm.controller.ProductController.initAdd()
18:03:40,258  INFO RequestMappingHandlerMapping:549 - Mapped "{[/log/list]}" onto public java.lang.String com.ssm.controller.SysLogController.getList(org.springframework.ui.Model,int,int)
18:03:40,259  INFO RequestMappingHandlerMapping:549 - Mapped "{[/permission/add]}" onto public java.lang.String com.ssm.controller.SysPermissionController.add(com.ssm.domain.SysPermission)
18:03:40,259  INFO RequestMappingHandlerMapping:549 - Mapped "{[/permission/list]}" onto public java.lang.String com.ssm.controller.SysPermissionController.list(org.springframework.ui.Model)
18:03:40,260  INFO RequestMappingHandlerMapping:549 - Mapped "{[/permission/initAdd]}" onto public java.lang.String com.ssm.controller.SysPermissionController.initAdd()
18:03:40,260  INFO RequestMappingHandlerMapping:549 - Mapped "{[/role/list]}" onto public java.lang.String com.ssm.controller.SysRoleController.list(org.springframework.ui.Model)
18:03:40,264  INFO RequestMappingHandlerMapping:549 - Mapped "{[/user/add]}" onto public java.lang.String com.ssm.controller.SysUserController.add(com.ssm.domain.SysUser)
18:03:40,264  INFO RequestMappingHandlerMapping:549 - Mapped "{[/user/show]}" onto public java.lang.String com.ssm.controller.SysUserController.show(java.lang.Integer,org.springframework.ui.Model)
18:03:40,265  INFO RequestMappingHandlerMapping:549 - Mapped "{[/user/role/modify]}" onto public java.lang.String com.ssm.controller.SysUserController.modifyRole(java.lang.Integer,java.util.List<java.lang.Integer>)
18:03:40,265  INFO RequestMappingHandlerMapping:549 - Mapped "{[/user/pageList]}" onto public java.lang.String com.ssm.controller.SysUserController.pageList(int,int,org.springframework.ui.Model)
18:03:40,265  INFO RequestMappingHandlerMapping:549 - Mapped "{[/user/role/initModify]}" onto public java.lang.String com.ssm.controller.SysUserController.initModify(java.lang.Integer,org.springframework.ui.Model)
18:03:40,266  INFO RequestMappingHandlerMapping:549 - Mapped "{[/user/initAdd]}" onto public java.lang.String com.ssm.controller.SysUserController.initAdd()
18:03:40,489  INFO RequestMappingHandlerAdapter:568 - Looking for @ControllerAdvice: WebApplicationContext for namespace 'springmvc-servlet': startup date [Sun Sep 10 18:03:37 CST 2023]; root of context hierarchy
18:03:40,593  INFO RequestMappingHandlerAdapter:568 - Looking for @ControllerAdvice: WebApplicationContext for namespace 'springmvc-servlet': startup date [Sun Sep 10 18:03:37 CST 2023]; root of context hierarchy
18:03:40,775  INFO SimpleUrlHandlerMapping:373 - Mapped URL path [/**] onto handler 'org.springframework.web.servlet.resource.DefaultServletHttpRequestHandler#0'
18:03:40,803  INFO DefaultSecurityFilterChain:43 - Creating filter chain: Ant [pattern='/*.jsp'], []
18:03:40,813  INFO DefaultSecurityFilterChain:43 - Creating filter chain: Ant [pattern='/css/**'], []
18:03:40,814  INFO DefaultSecurityFilterChain:43 - Creating filter chain: Ant [pattern='/img/**'], []
18:03:40,816  INFO DefaultSecurityFilterChain:43 - Creating filter chain: Ant [pattern='/plugins/**'], []
18:03:41,721  INFO DefaultSecurityFilterChain:43 - Creating filter chain: org.springframework.security.web.util.matcher.AnyRequestMatcher@1, [org.springframework.security.web.context.SecurityContextPersistenceFilter@460edffc, org.springframework.security.web.context.request.async.WebAsyncManagerIntegrationFilter@61b80b15, org.springframework.security.web.header.HeaderWriterFilter@3837bbce, org.springframework.security.web.authentication.logout.LogoutFilter@6028f545, org.springframework.security.web.authentication.UsernamePasswordAuthenticationFilter@50e92783, org.springframework.security.web.authentication.www.BasicAuthenticationFilter@71287e28, org.springframework.security.web.savedrequest.RequestCacheAwareFilter@74c44208, org.springframework.security.web.servletapi.SecurityContextHolderAwareRequestFilter@53e10308, org.springframework.security.web.authentication.AnonymousAuthenticationFilter@4aade3c8, org.springframework.security.web.session.SessionManagementFilter@78c61d8b, org.springframework.security.web.access.ExceptionTranslationFilter@2ec4c499, org.springframework.security.web.access.intercept.FilterSecurityInterceptor@75666b0a]
18:03:41,759  INFO DefaultFilterChainValidator:154 - Checking whether login URL '/login.jsp' is accessible with your configuration
18:03:42,010  INFO DispatcherServlet:513 - FrameworkServlet 'springmvc': initialization completed in 4233 ms
18:04:21,956  INFO DispatcherServlet:494 - FrameworkServlet 'springmvc': initialization started
18:04:21,979  INFO XmlWebApplicationContext:589 - Refreshing WebApplicationContext for namespace 'springmvc-servlet': startup date [Sun Sep 10 18:04:21 CST 2023]; root of context hierarchy
18:04:22,038  INFO XmlBeanDefinitionReader:316 - Loading XML bean definitions from class path resource [springMVC.xml]
18:04:22,427  INFO XmlBeanDefinitionReader:316 - Loading XML bean definitions from class path resource [spring.xml]
18:04:22,495  INFO XmlBeanDefinitionReader:316 - Loading XML bean definitions from class path resource [spring-mybatis.xml]
18:04:22,509  INFO XmlBeanDefinitionReader:316 - Loading XML bean definitions from class path resource [spring-security.xml]
18:04:22,542  INFO SpringSecurityCoreVersion:75 - You are running with Spring Security Core 5.0.1.RELEASE
18:04:22,548  WARN SpringSecurityCoreVersion:78 - **** You are advised to use Spring 5.0.3.RELEASE or later with this version. You are running: 5.0.2.RELEASE
18:04:22,548  INFO SecurityNamespaceHandler:78 - Spring Security 'config' module version is 5.0.1.RELEASE
18:04:22,608  INFO FilterInvocationSecurityMetadataSourceParser:194 - Creating access control expression attribute 'ROLE_USER' for /index.jsp
18:04:22,609  INFO FilterInvocationSecurityMetadataSourceParser:194 - Creating access control expression attribute 'hasAnyRole('ROLE_USER','RILE_ADMIN')' for /**
18:04:22,647  INFO HttpSecurityBeanDefinitionParser:307 - Checking sorted filter chain: [Root bean: class [org.springframework.security.web.context.SecurityContextPersistenceFilter]; scope=; abstract=false; lazyInit=false; autowireMode=0; dependencyCheck=0; autowireCandidate=true; primary=false; factoryBeanName=null; factoryMethodName=null; initMethodName=null; destroyMethodName=null, order = 200, Root bean: class [org.springframework.security.web.context.request.async.WebAsyncManagerIntegrationFilter]; scope=; abstract=false; lazyInit=false; autowireMode=0; dependencyCheck=0; autowireCandidate=true; primary=false; factoryBeanName=null; factoryMethodName=null; initMethodName=null; destroyMethodName=null, order = 400, Root bean: class [org.springframework.security.web.header.HeaderWriterFilter]; scope=; abstract=false; lazyInit=false; autowireMode=0; dependencyCheck=0; autowireCandidate=true; primary=false; factoryBeanName=null; factoryMethodName=null; initMethodName=null; destroyMethodName=null, order = 500, Root bean: class [org.springframework.security.web.authentication.logout.LogoutFilter]; scope=; abstract=false; lazyInit=false; autowireMode=0; dependencyCheck=0; autowireCandidate=true; primary=false; factoryBeanName=null; factoryMethodName=null; initMethodName=null; destroyMethodName=null, order = 800, <org.springframework.security.web.authentication.UsernamePasswordAuthenticationFilter#0>, order = 1200, Root bean: class [org.springframework.security.web.authentication.www.BasicAuthenticationFilter]; scope=; abstract=false; lazyInit=false; autowireMode=0; dependencyCheck=0; autowireCandidate=true; primary=false; factoryBeanName=null; factoryMethodName=null; initMethodName=null; destroyMethodName=null, order = 1600, Root bean: class [org.springframework.security.web.savedrequest.RequestCacheAwareFilter]; scope=; abstract=false; lazyInit=false; autowireMode=0; dependencyCheck=0; autowireCandidate=true; primary=false; factoryBeanName=null; factoryMethodName=null; initMethodName=null; destroyMethodName=null, order = 1700, Root bean: class [null]; scope=; abstract=false; lazyInit=false; autowireMode=0; dependencyCheck=0; autowireCandidate=true; primary=false; factoryBeanName=org.springframework.security.config.http.HttpConfigurationBuilder$SecurityContextHolderAwareRequestFilterBeanFactory#0; factoryMethodName=getBean; initMethodName=null; destroyMethodName=null, order = 1800, Root bean: class [org.springframework.security.web.authentication.AnonymousAuthenticationFilter]; scope=; abstract=false; lazyInit=false; autowireMode=0; dependencyCheck=0; autowireCandidate=true; primary=false; factoryBeanName=null; factoryMethodName=null; initMethodName=null; destroyMethodName=null, order = 2100, Root bean: class [org.springframework.security.web.session.SessionManagementFilter]; scope=; abstract=false; lazyInit=false; autowireMode=0; dependencyCheck=0; autowireCandidate=true; primary=false; factoryBeanName=null; factoryMethodName=null; initMethodName=null; destroyMethodName=null, order = 2200, Root bean: class [org.springframework.security.web.access.ExceptionTranslationFilter]; scope=; abstract=false; lazyInit=false; autowireMode=0; dependencyCheck=0; autowireCandidate=true; primary=false; factoryBeanName=null; factoryMethodName=null; initMethodName=null; destroyMethodName=null, order = 2300, <org.springframework.security.web.access.intercept.FilterSecurityInterceptor#0>, order = 2400]
18:04:23,030  INFO AutowiredAnnotationBeanPostProcessor:154 - JSR-330 'javax.inject.Inject' annotation found and supported for autowiring
18:04:24,829  INFO RequestMappingHandlerMapping:549 - Mapped "{[/index]}" onto public java.lang.String com.ssm.controller.HomeController.index()
18:04:24,834  INFO RequestMappingHandlerMapping:549 - Mapped "{[/orders/add],methods=[POST]}" onto public java.lang.String com.ssm.controller.OrdersController.add(com.ssm.domain.Orders)
18:04:24,834  INFO RequestMappingHandlerMapping:549 - Mapped "{[/orders/list]}" onto public java.lang.String com.ssm.controller.OrdersController.list(org.springframework.ui.Model,int,int)
18:04:24,835  INFO RequestMappingHandlerMapping:549 - Mapped "{[/orders/initAdd],methods=[GET]}" onto public java.lang.String com.ssm.controller.OrdersController.initAdd(org.springframework.ui.Model)
18:04:24,837  INFO RequestMappingHandlerMapping:549 - Mapped "{[/product/add]}" onto public java.lang.String com.ssm.controller.ProductController.add(com.ssm.domain.Product)
18:04:24,837  INFO RequestMappingHandlerMapping:549 - Mapped "{[/product/update]}" onto public java.lang.String com.ssm.controller.ProductController.update(com.ssm.domain.Product)
18:04:24,838  INFO RequestMappingHandlerMapping:549 - Mapped "{[/product/delete]}" onto public java.lang.String com.ssm.controller.ProductController.delete(java.lang.Integer)
18:04:24,838  INFO RequestMappingHandlerMapping:549 - Mapped "{[/product/pageList]}" onto public java.lang.String com.ssm.controller.ProductController.list(int,int,org.springframework.ui.Model)
18:04:24,838  INFO RequestMappingHandlerMapping:549 - Mapped "{[/product/initAdd]}" onto public java.lang.String com.ssm.controller.ProductController.initAdd()
18:04:24,838  INFO RequestMappingHandlerMapping:549 - Mapped "{[/product/initUpdate]}" onto public java.lang.String com.ssm.controller.ProductController.initUpdate(java.lang.Integer,org.springframework.ui.Model)
18:04:24,839  INFO RequestMappingHandlerMapping:549 - Mapped "{[/log/list]}" onto public java.lang.String com.ssm.controller.SysLogController.getList(org.springframework.ui.Model,int,int)
18:04:24,840  INFO RequestMappingHandlerMapping:549 - Mapped "{[/permission/add]}" onto public java.lang.String com.ssm.controller.SysPermissionController.add(com.ssm.domain.SysPermission)
18:04:24,840  INFO RequestMappingHandlerMapping:549 - Mapped "{[/permission/list]}" onto public java.lang.String com.ssm.controller.SysPermissionController.list(org.springframework.ui.Model)
18:04:24,840  INFO RequestMappingHandlerMapping:549 - Mapped "{[/permission/initAdd]}" onto public java.lang.String com.ssm.controller.SysPermissionController.initAdd()
18:04:24,841  INFO RequestMappingHandlerMapping:549 - Mapped "{[/role/list]}" onto public java.lang.String com.ssm.controller.SysRoleController.list(org.springframework.ui.Model)
18:04:24,845  INFO RequestMappingHandlerMapping:549 - Mapped "{[/user/add]}" onto public java.lang.String com.ssm.controller.SysUserController.add(com.ssm.domain.SysUser)
18:04:24,845  INFO RequestMappingHandlerMapping:549 - Mapped "{[/user/show]}" onto public java.lang.String com.ssm.controller.SysUserController.show(java.lang.Integer,org.springframework.ui.Model)
18:04:24,846  INFO RequestMappingHandlerMapping:549 - Mapped "{[/user/initAdd]}" onto public java.lang.String com.ssm.controller.SysUserController.initAdd()
18:04:24,846  INFO RequestMappingHandlerMapping:549 - Mapped "{[/user/role/modify]}" onto public java.lang.String com.ssm.controller.SysUserController.modifyRole(java.lang.Integer,java.util.List<java.lang.Integer>)
18:04:24,847  INFO RequestMappingHandlerMapping:549 - Mapped "{[/user/pageList]}" onto public java.lang.String com.ssm.controller.SysUserController.pageList(int,int,org.springframework.ui.Model)
18:04:24,847  INFO RequestMappingHandlerMapping:549 - Mapped "{[/user/role/initModify]}" onto public java.lang.String com.ssm.controller.SysUserController.initModify(java.lang.Integer,org.springframework.ui.Model)
18:04:25,035  INFO RequestMappingHandlerAdapter:568 - Looking for @ControllerAdvice: WebApplicationContext for namespace 'springmvc-servlet': startup date [Sun Sep 10 18:04:21 CST 2023]; root of context hierarchy
18:04:25,154  INFO RequestMappingHandlerAdapter:568 - Looking for @ControllerAdvice: WebApplicationContext for namespace 'springmvc-servlet': startup date [Sun Sep 10 18:04:21 CST 2023]; root of context hierarchy
18:04:25,364  INFO SimpleUrlHandlerMapping:373 - Mapped URL path [/**] onto handler 'org.springframework.web.servlet.resource.DefaultServletHttpRequestHandler#0'
18:04:25,407  INFO DefaultSecurityFilterChain:43 - Creating filter chain: Ant [pattern='/*.jsp'], []
18:04:25,419  INFO DefaultSecurityFilterChain:43 - Creating filter chain: Ant [pattern='/css/**'], []
18:04:25,422  INFO DefaultSecurityFilterChain:43 - Creating filter chain: Ant [pattern='/img/**'], []
18:04:25,424  INFO DefaultSecurityFilterChain:43 - Creating filter chain: Ant [pattern='/plugins/**'], []
18:04:26,331  INFO DefaultSecurityFilterChain:43 - Creating filter chain: org.springframework.security.web.util.matcher.AnyRequestMatcher@1, [org.springframework.security.web.context.SecurityContextPersistenceFilter@306976ec, org.springframework.security.web.context.request.async.WebAsyncManagerIntegrationFilter@416b0dc6, org.springframework.security.web.header.HeaderWriterFilter@644d4441, org.springframework.security.web.authentication.logout.LogoutFilter@6877e3ee, org.springframework.security.web.authentication.UsernamePasswordAuthenticationFilter@13d2361a, org.springframework.security.web.authentication.www.BasicAuthenticationFilter@ace1c9b, org.springframework.security.web.savedrequest.RequestCacheAwareFilter@42f2ecf, org.springframework.security.web.servletapi.SecurityContextHolderAwareRequestFilter@5310d537, org.springframework.security.web.authentication.AnonymousAuthenticationFilter@51705ba9, org.springframework.security.web.session.SessionManagementFilter@2ba0bfd8, org.springframework.security.web.access.ExceptionTranslationFilter@5684a535, org.springframework.security.web.access.intercept.FilterSecurityInterceptor@3e86bbf]
18:04:26,390  INFO DefaultFilterChainValidator:154 - Checking whether login URL '/login.jsp' is accessible with your configuration
18:04:26,667  INFO DispatcherServlet:513 - FrameworkServlet 'springmvc': initialization completed in 4708 ms
18:04:45,612  INFO DruidDataSource:655 - {dataSource-1} inited
